[2026-02-15T16:00:23.610+0000] {local_task_job_runner.py:120} INFO - ::group::Pre task execution logs
[2026-02-15T16:00:23.640+0000] {taskinstance.py:2076} INFO - Dependencies all met for dep_context=non-requeueable deps ti=<TaskInstance: stock_raw_aapl.download_and_load_raw manual__2026-02-15T16:00:22.481154+00:00 [queued]>
[2026-02-15T16:00:23.648+0000] {taskinstance.py:2076} INFO - Dependencies all met for dep_context=requeueable deps ti=<TaskInstance: stock_raw_aapl.download_and_load_raw manual__2026-02-15T16:00:22.481154+00:00 [queued]>
[2026-02-15T16:00:23.649+0000] {taskinstance.py:2306} INFO - Starting attempt 1 of 1
[2026-02-15T16:00:23.660+0000] {taskinstance.py:2330} INFO - Executing <Task(PythonOperator): download_and_load_raw> on 2026-02-15 16:00:22.481154+00:00
[2026-02-15T16:00:23.671+0000] {logging_mixin.py:188} WARNING - /home/***/.local/lib/python3.12/site-packages/***/task/task_runner/standard_task_runner.py:62 DeprecationWarning: This process (pid=1226) is multi-threaded, use of fork() may lead to deadlocks in the child.
[2026-02-15T16:00:23.670+0000] {standard_task_runner.py:90} INFO - Running: ['***', 'tasks', 'run', 'stock_raw_aapl', 'download_and_load_raw', 'manual__2026-02-15T16:00:22.481154+00:00', '--job-id', '8053', '--raw', '--subdir', 'DAGS_FOLDER/stocks/dag.py', '--cfg-path', '/tmp/tmpenspp6rs']
[2026-02-15T16:00:23.673+0000] {standard_task_runner.py:64} INFO - Started process 1228 to run task
[2026-02-15T16:00:23.673+0000] {standard_task_runner.py:91} INFO - Job 8053: Subtask download_and_load_raw
[2026-02-15T16:00:23.731+0000] {task_command.py:426} INFO - Running <TaskInstance: stock_raw_aapl.download_and_load_raw manual__2026-02-15T16:00:22.481154+00:00 [running]> on host 45ef9e308ede
[2026-02-15T16:00:23.818+0000] {taskinstance.py:2648} INFO - Exporting env vars: AIRFLOW_CTX_DAG_OWNER='***' AIRFLOW_CTX_DAG_ID='stock_raw_aapl' AIRFLOW_CTX_TASK_ID='download_and_load_raw' AIRFLOW_CTX_EXECUTION_DATE='2026-02-15T16:00:22.481154+00:00' AIRFLOW_CTX_TRY_NUMBER='1' AIRFLOW_CTX_DAG_RUN_ID='manual__2026-02-15T16:00:22.481154+00:00'
[2026-02-15T16:00:23.820+0000] {taskinstance.py:430} INFO - ::endgroup::
[2026-02-15T16:00:23.830+0000] {taskinstance.py:441} INFO - ::group::Post task execution logs
[2026-02-15T16:00:23.831+0000] {taskinstance.py:2905} ERROR - Task failed with exception
Traceback (most recent call last):
  File "/home/airflow/.local/lib/python3.12/site-packages/airflow/models/taskinstance.py", line 465, in _execute_task
    result = _execute_callable(context=context, **execute_callable_kwargs)
             ^^^^^^^^^^^^^^^^^^^^^^^^^^^^^^^^^^^^^^^^^^^^^^^^^^^^^^^^^^^^^
  File "/home/airflow/.local/lib/python3.12/site-packages/airflow/models/taskinstance.py", line 432, in _execute_callable
    return execute_callable(context=context, **execute_callable_kwargs)
           ^^^^^^^^^^^^^^^^^^^^^^^^^^^^^^^^^^^^^^^^^^^^^^^^^^^^^^^^^^^^
  File "/home/airflow/.local/lib/python3.12/site-packages/airflow/models/baseoperator.py", line 401, in wrapper
    return func(self, *args, **kwargs)
           ^^^^^^^^^^^^^^^^^^^^^^^^^^^
  File "/home/airflow/.local/lib/python3.12/site-packages/airflow/operators/python.py", line 235, in execute
    return_value = self.execute_callable()
                   ^^^^^^^^^^^^^^^^^^^^^^^
  File "/home/airflow/.local/lib/python3.12/site-packages/airflow/operators/python.py", line 252, in execute_callable
    return self.python_callable(*self.op_args, **self.op_kwargs)
           ^^^^^^^^^^^^^^^^^^^^^^^^^^^^^^^^^^^^^^^^^^^^^^^^^^^^^
TypeError: download_and_load() missing 2 required positional arguments: 'start' and 'end'
[2026-02-15T16:00:23.841+0000] {taskinstance.py:1206} INFO - Marking task as FAILED. dag_id=stock_raw_aapl, task_id=download_and_load_raw, run_id=manual__2026-02-15T16:00:22.481154+00:00, execution_date=20260215T160022, start_date=20260215T160023, end_date=20260215T160023
[2026-02-15T16:00:23.850+0000] {standard_task_runner.py:110} ERROR - Failed to execute job 8053 for task download_and_load_raw (download_and_load() missing 2 required positional arguments: 'start' and 'end'; 1228)
[2026-02-15T16:00:23.887+0000] {local_task_job_runner.py:243} INFO - Task exited with return code 1
[2026-02-15T16:00:23.908+0000] {taskinstance.py:3503} INFO - 0 downstream tasks scheduled from follow-on schedule check
[2026-02-15T16:00:23.912+0000] {local_task_job_runner.py:222} INFO - ::endgroup::
