[2026-02-09T11:28:30.891+0000] {local_task_job_runner.py:120} INFO - ::group::Pre task execution logs
[2026-02-09T11:28:30.920+0000] {taskinstance.py:2076} INFO - Dependencies all met for dep_context=non-requeueable deps ti=<TaskInstance: stock_raw_moex_sber.download_and_load_raw manual__2026-02-09T11:28:28.980829+00:00 [queued]>
[2026-02-09T11:28:30.926+0000] {taskinstance.py:2076} INFO - Dependencies all met for dep_context=requeueable deps ti=<TaskInstance: stock_raw_moex_sber.download_and_load_raw manual__2026-02-09T11:28:28.980829+00:00 [queued]>
[2026-02-09T11:28:30.927+0000] {taskinstance.py:2306} INFO - Starting attempt 1 of 1
[2026-02-09T11:28:30.938+0000] {taskinstance.py:2330} INFO - Executing <Task(PythonOperator): download_and_load_raw> on 2026-02-09 11:28:28.980829+00:00
[2026-02-09T11:28:30.949+0000] {logging_mixin.py:188} WARNING - /home/***/.local/lib/python3.12/site-packages/***/task/task_runner/standard_task_runner.py:62 DeprecationWarning: This process (pid=12104) is multi-threaded, use of fork() may lead to deadlocks in the child.
[2026-02-09T11:28:30.950+0000] {standard_task_runner.py:64} INFO - Started process 12108 to run task
[2026-02-09T11:28:30.949+0000] {standard_task_runner.py:90} INFO - Running: ['***', 'tasks', 'run', 'stock_raw_moex_sber', 'download_and_load_raw', 'manual__2026-02-09T11:28:28.980829+00:00', '--job-id', '6688', '--raw', '--subdir', 'DAGS_FOLDER/stocks_dwh/raw/stocks_raw_dags.py', '--cfg-path', '/tmp/tmp1x87w_b3']
[2026-02-09T11:28:30.951+0000] {standard_task_runner.py:91} INFO - Job 6688: Subtask download_and_load_raw
[2026-02-09T11:28:31.014+0000] {task_command.py:426} INFO - Running <TaskInstance: stock_raw_moex_sber.download_and_load_raw manual__2026-02-09T11:28:28.980829+00:00 [running]> on host 4886d37bc122
[2026-02-09T11:28:31.102+0000] {taskinstance.py:2648} INFO - Exporting env vars: AIRFLOW_CTX_DAG_OWNER='***' AIRFLOW_CTX_DAG_ID='stock_raw_moex_sber' AIRFLOW_CTX_TASK_ID='download_and_load_raw' AIRFLOW_CTX_EXECUTION_DATE='2026-02-09T11:28:28.980829+00:00' AIRFLOW_CTX_TRY_NUMBER='1' AIRFLOW_CTX_DAG_RUN_ID='manual__2026-02-09T11:28:28.980829+00:00'
[2026-02-09T11:28:31.103+0000] {taskinstance.py:430} INFO - ::endgroup::
[2026-02-09T11:28:31.114+0000] {taskinstance.py:441} INFO - ::group::Post task execution logs
[2026-02-09T11:28:31.114+0000] {taskinstance.py:2905} ERROR - Task failed with exception
Traceback (most recent call last):
  File "/home/airflow/.local/lib/python3.12/site-packages/airflow/models/taskinstance.py", line 465, in _execute_task
    result = _execute_callable(context=context, **execute_callable_kwargs)
             ^^^^^^^^^^^^^^^^^^^^^^^^^^^^^^^^^^^^^^^^^^^^^^^^^^^^^^^^^^^^^
  File "/home/airflow/.local/lib/python3.12/site-packages/airflow/models/taskinstance.py", line 432, in _execute_callable
    return execute_callable(context=context, **execute_callable_kwargs)
           ^^^^^^^^^^^^^^^^^^^^^^^^^^^^^^^^^^^^^^^^^^^^^^^^^^^^^^^^^^^^
  File "/home/airflow/.local/lib/python3.12/site-packages/airflow/models/baseoperator.py", line 401, in wrapper
    return func(self, *args, **kwargs)
           ^^^^^^^^^^^^^^^^^^^^^^^^^^^
  File "/home/airflow/.local/lib/python3.12/site-packages/airflow/operators/python.py", line 235, in execute
    return_value = self.execute_callable()
                   ^^^^^^^^^^^^^^^^^^^^^^^
  File "/home/airflow/.local/lib/python3.12/site-packages/airflow/operators/python.py", line 252, in execute_callable
    return self.python_callable(*self.op_args, **self.op_kwargs)
           ^^^^^^^^^^^^^^^^^^^^^^^^^^^^^^^^^^^^^^^^^^^^^^^^^^^^^
  File "/opt/airflow/dags/stocks_dwh/raw/stocks_raw_dags.py", line 33, in download_and_load_raw
    start = data_interval_start.strftime("%Y-%m-%d") - timedelta(days=1)
            ~~~~~~~~~~~~~~~~~~~~~~~~~~~~~~~~~~~~~~~~~^~~~~~~~~~~~~~~~~~~
TypeError: unsupported operand type(s) for -: 'str' and 'datetime.timedelta'
[2026-02-09T11:28:31.128+0000] {taskinstance.py:1206} INFO - Marking task as FAILED. dag_id=stock_raw_moex_sber, task_id=download_and_load_raw, run_id=manual__2026-02-09T11:28:28.980829+00:00, execution_date=20260209T112828, start_date=20260209T112830, end_date=20260209T112831
[2026-02-09T11:28:31.138+0000] {standard_task_runner.py:110} ERROR - Failed to execute job 6688 for task download_and_load_raw (unsupported operand type(s) for -: 'str' and 'datetime.timedelta'; 12108)
[2026-02-09T11:28:31.164+0000] {local_task_job_runner.py:243} INFO - Task exited with return code 1
[2026-02-09T11:28:31.182+0000] {taskinstance.py:3503} INFO - 0 downstream tasks scheduled from follow-on schedule check
[2026-02-09T11:28:31.184+0000] {local_task_job_runner.py:222} INFO - ::endgroup::
