[2026-02-07T14:19:50.336+0000] {local_task_job_runner.py:120} INFO - ::group::Pre task execution logs
[2026-02-07T14:19:50.369+0000] {taskinstance.py:2076} INFO - Dependencies all met for dep_context=non-requeueable deps ti=<TaskInstance: stock_tsla.download scheduled__2024-02-28T00:00:00+00:00 [queued]>
[2026-02-07T14:19:50.381+0000] {taskinstance.py:2076} INFO - Dependencies all met for dep_context=requeueable deps ti=<TaskInstance: stock_tsla.download scheduled__2024-02-28T00:00:00+00:00 [queued]>
[2026-02-07T14:19:50.383+0000] {taskinstance.py:2306} INFO - Starting attempt 1 of 1
[2026-02-07T14:19:50.396+0000] {taskinstance.py:2330} INFO - Executing <Task(PythonOperator): download> on 2024-02-28 00:00:00+00:00
[2026-02-07T14:19:50.409+0000] {logging_mixin.py:188} WARNING - /home/***/.local/lib/python3.12/site-packages/***/task/task_runner/standard_task_runner.py:62 DeprecationWarning: This process (pid=1443) is multi-threaded, use of fork() may lead to deadlocks in the child.
[2026-02-07T14:19:50.411+0000] {standard_task_runner.py:64} INFO - Started process 1451 to run task
[2026-02-07T14:19:50.410+0000] {standard_task_runner.py:90} INFO - Running: ['***', 'tasks', 'run', 'stock_tsla', 'download', 'scheduled__2024-02-28T00:00:00+00:00', '--job-id', '270', '--raw', '--subdir', 'DAGS_FOLDER/stocks_dags.py', '--cfg-path', '/tmp/tmp6msaih0u']
[2026-02-07T14:19:50.412+0000] {standard_task_runner.py:91} INFO - Job 270: Subtask download
[2026-02-07T14:19:50.479+0000] {task_command.py:426} INFO - Running <TaskInstance: stock_tsla.download scheduled__2024-02-28T00:00:00+00:00 [running]> on host 5adf8c44a70f
[2026-02-07T14:19:50.577+0000] {taskinstance.py:2648} INFO - Exporting env vars: AIRFLOW_CTX_DAG_OWNER='***' AIRFLOW_CTX_DAG_ID='stock_tsla' AIRFLOW_CTX_TASK_ID='download' AIRFLOW_CTX_EXECUTION_DATE='2024-02-28T00:00:00+00:00' AIRFLOW_CTX_TRY_NUMBER='1' AIRFLOW_CTX_DAG_RUN_ID='scheduled__2024-02-28T00:00:00+00:00'
[2026-02-07T14:19:50.578+0000] {taskinstance.py:430} INFO - ::endgroup::
[2026-02-07T14:19:50.594+0000] {logging_mixin.py:188} INFO - Downloading TSLA from 2024-02-28 to 2024-02-29
[2026-02-07T14:19:50.597+0000] {logging_mixin.py:188} WARNING - /opt/***/dags/stocks_dags.py:22 FutureWarning: YF.download() has changed argument auto_adjust default to True
[2026-02-07T14:19:50.607+0000] {logging_mixin.py:188} WARNING - /home/***/.local/lib/python3.12/site-packages/yfinance/scrapers/history.py:204 Pandas4Warning: Timestamp.utcnow is deprecated and will be removed in a future version. Use Timestamp.now('UTC') instead.
[2026-02-07T14:19:51.113+0000] {taskinstance.py:441} INFO - ::group::Post task execution logs
[2026-02-07T14:19:51.114+0000] {taskinstance.py:2905} ERROR - Task failed with exception
Traceback (most recent call last):
  File "/home/airflow/.local/lib/python3.12/site-packages/airflow/models/taskinstance.py", line 465, in _execute_task
    result = _execute_callable(context=context, **execute_callable_kwargs)
             ^^^^^^^^^^^^^^^^^^^^^^^^^^^^^^^^^^^^^^^^^^^^^^^^^^^^^^^^^^^^^
  File "/home/airflow/.local/lib/python3.12/site-packages/airflow/models/taskinstance.py", line 432, in _execute_callable
    return execute_callable(context=context, **execute_callable_kwargs)
           ^^^^^^^^^^^^^^^^^^^^^^^^^^^^^^^^^^^^^^^^^^^^^^^^^^^^^^^^^^^^
  File "/home/airflow/.local/lib/python3.12/site-packages/airflow/models/baseoperator.py", line 401, in wrapper
    return func(self, *args, **kwargs)
           ^^^^^^^^^^^^^^^^^^^^^^^^^^^
  File "/home/airflow/.local/lib/python3.12/site-packages/airflow/operators/python.py", line 235, in execute
    return_value = self.execute_callable()
                   ^^^^^^^^^^^^^^^^^^^^^^^
  File "/home/airflow/.local/lib/python3.12/site-packages/airflow/operators/python.py", line 252, in execute_callable
    return self.python_callable(*self.op_args, **self.op_kwargs)
           ^^^^^^^^^^^^^^^^^^^^^^^^^^^^^^^^^^^^^^^^^^^^^^^^^^^^^
  File "/opt/airflow/dags/stocks_dags.py", line 35, in download_stock
    df.to_parquet(output_path)
  File "/home/airflow/.local/lib/python3.12/site-packages/pandas/core/frame.py", line 3135, in to_parquet
    return to_parquet(
           ^^^^^^^^^^^
  File "/home/airflow/.local/lib/python3.12/site-packages/pandas/io/parquet.py", line 490, in to_parquet
    impl.write(
  File "/home/airflow/.local/lib/python3.12/site-packages/pandas/io/parquet.py", line 199, in write
    path_or_handle, handles, filesystem = _get_path_or_handle(
                                          ^^^^^^^^^^^^^^^^^^^^
  File "/home/airflow/.local/lib/python3.12/site-packages/pandas/io/parquet.py", line 141, in _get_path_or_handle
    handles = get_handle(
              ^^^^^^^^^^^
  File "/home/airflow/.local/lib/python3.12/site-packages/pandas/io/common.py", line 793, in get_handle
    check_parent_directory(str(handle))
  File "/home/airflow/.local/lib/python3.12/site-packages/pandas/io/common.py", line 652, in check_parent_directory
    raise OSError(rf"Cannot save file into a non-existent directory: '{parent}'")
OSError: Cannot save file into a non-existent directory: '/opt/***/data'
[2026-02-07T14:19:51.129+0000] {taskinstance.py:1206} INFO - Marking task as FAILED. dag_id=stock_tsla, task_id=download, run_id=scheduled__2024-02-28T00:00:00+00:00, execution_date=20240228T000000, start_date=20260207T141950, end_date=20260207T141951
[2026-02-07T14:19:51.142+0000] {standard_task_runner.py:110} ERROR - Failed to execute job 270 for task download (Cannot save file into a non-existent directory: '/opt/***/data'; 1451)
[2026-02-07T14:19:51.187+0000] {local_task_job_runner.py:243} INFO - Task exited with return code 1
[2026-02-07T14:19:51.204+0000] {taskinstance.py:3503} INFO - 0 downstream tasks scheduled from follow-on schedule check
[2026-02-07T14:19:51.208+0000] {local_task_job_runner.py:222} INFO - ::endgroup::
