[2026-02-15T16:04:38.324+0000] {local_task_job_runner.py:120} INFO - ::group::Pre task execution logs
[2026-02-15T16:04:38.353+0000] {taskinstance.py:2076} INFO - Dependencies all met for dep_context=non-requeueable deps ti=<TaskInstance: stock_raw_aapl.download_and_load_raw manual__2026-02-15T16:04:37.057409+00:00 [queued]>
[2026-02-15T16:04:38.360+0000] {taskinstance.py:2076} INFO - Dependencies all met for dep_context=requeueable deps ti=<TaskInstance: stock_raw_aapl.download_and_load_raw manual__2026-02-15T16:04:37.057409+00:00 [queued]>
[2026-02-15T16:04:38.361+0000] {taskinstance.py:2306} INFO - Starting attempt 1 of 1
[2026-02-15T16:04:38.370+0000] {taskinstance.py:2330} INFO - Executing <Task(PythonOperator): download_and_load_raw> on 2026-02-15 16:04:37.057409+00:00
[2026-02-15T16:04:38.382+0000] {logging_mixin.py:188} WARNING - /home/***/.local/lib/python3.12/site-packages/***/task/task_runner/standard_task_runner.py:62 DeprecationWarning: This process (pid=1337) is multi-threaded, use of fork() may lead to deadlocks in the child.
[2026-02-15T16:04:38.381+0000] {standard_task_runner.py:90} INFO - Running: ['***', 'tasks', 'run', 'stock_raw_aapl', 'download_and_load_raw', 'manual__2026-02-15T16:04:37.057409+00:00', '--job-id', '8054', '--raw', '--subdir', 'DAGS_FOLDER/stocks/dag.py', '--cfg-path', '/tmp/tmpbfz7jxgv']
[2026-02-15T16:04:38.383+0000] {standard_task_runner.py:64} INFO - Started process 1339 to run task
[2026-02-15T16:04:38.383+0000] {standard_task_runner.py:91} INFO - Job 8054: Subtask download_and_load_raw
[2026-02-15T16:04:38.439+0000] {task_command.py:426} INFO - Running <TaskInstance: stock_raw_aapl.download_and_load_raw manual__2026-02-15T16:04:37.057409+00:00 [running]> on host 45ef9e308ede
[2026-02-15T16:04:38.523+0000] {taskinstance.py:2648} INFO - Exporting env vars: AIRFLOW_CTX_DAG_OWNER='***' AIRFLOW_CTX_DAG_ID='stock_raw_aapl' AIRFLOW_CTX_TASK_ID='download_and_load_raw' AIRFLOW_CTX_EXECUTION_DATE='2026-02-15T16:04:37.057409+00:00' AIRFLOW_CTX_TRY_NUMBER='1' AIRFLOW_CTX_DAG_RUN_ID='manual__2026-02-15T16:04:37.057409+00:00'
[2026-02-15T16:04:38.525+0000] {taskinstance.py:430} INFO - ::endgroup::
[2026-02-15T16:04:38.535+0000] {taskinstance.py:441} INFO - ::group::Post task execution logs
[2026-02-15T16:04:38.535+0000] {taskinstance.py:2905} ERROR - Task failed with exception
Traceback (most recent call last):
  File "/home/airflow/.local/lib/python3.12/site-packages/airflow/models/taskinstance.py", line 465, in _execute_task
    result = _execute_callable(context=context, **execute_callable_kwargs)
             ^^^^^^^^^^^^^^^^^^^^^^^^^^^^^^^^^^^^^^^^^^^^^^^^^^^^^^^^^^^^^
  File "/home/airflow/.local/lib/python3.12/site-packages/airflow/models/taskinstance.py", line 432, in _execute_callable
    return execute_callable(context=context, **execute_callable_kwargs)
           ^^^^^^^^^^^^^^^^^^^^^^^^^^^^^^^^^^^^^^^^^^^^^^^^^^^^^^^^^^^^
  File "/home/airflow/.local/lib/python3.12/site-packages/airflow/models/baseoperator.py", line 401, in wrapper
    return func(self, *args, **kwargs)
           ^^^^^^^^^^^^^^^^^^^^^^^^^^^
  File "/home/airflow/.local/lib/python3.12/site-packages/airflow/operators/python.py", line 235, in execute
    return_value = self.execute_callable()
                   ^^^^^^^^^^^^^^^^^^^^^^^
  File "/home/airflow/.local/lib/python3.12/site-packages/airflow/operators/python.py", line 252, in execute_callable
    return self.python_callable(*self.op_args, **self.op_kwargs)
           ^^^^^^^^^^^^^^^^^^^^^^^^^^^^^^^^^^^^^^^^^^^^^^^^^^^^^
  File "/opt/airflow/dags/stocks/scripts/manager.py", line 46, in download_and_load
    start = (data_interval_start - timedelta(days=1)).strftime("%Y-%m-%d")
             ~~~~~~~~~~~~~~~~~~~~^~~~~~~~~~~~~~~~~~~
TypeError: unsupported operand type(s) for -: 'str' and 'datetime.timedelta'
[2026-02-15T16:04:38.548+0000] {taskinstance.py:1206} INFO - Marking task as FAILED. dag_id=stock_raw_aapl, task_id=download_and_load_raw, run_id=manual__2026-02-15T16:04:37.057409+00:00, execution_date=20260215T160437, start_date=20260215T160438, end_date=20260215T160438
[2026-02-15T16:04:38.557+0000] {standard_task_runner.py:110} ERROR - Failed to execute job 8054 for task download_and_load_raw (unsupported operand type(s) for -: 'str' and 'datetime.timedelta'; 1339)
[2026-02-15T16:04:38.597+0000] {local_task_job_runner.py:243} INFO - Task exited with return code 1
[2026-02-15T16:04:38.613+0000] {taskinstance.py:3503} INFO - 0 downstream tasks scheduled from follow-on schedule check
[2026-02-15T16:04:38.614+0000] {local_task_job_runner.py:222} INFO - ::endgroup::
