[2026-02-15T15:15:11.206+0000] {local_task_job_runner.py:120} INFO - ::group::Pre task execution logs
[2026-02-15T15:15:11.236+0000] {taskinstance.py:2076} INFO - Dependencies all met for dep_context=non-requeueable deps ti=<TaskInstance: stock_raw_aapl.download_and_load_raw manual__2026-02-15T15:15:09.764763+00:00 [queued]>
[2026-02-15T15:15:11.244+0000] {taskinstance.py:2076} INFO - Dependencies all met for dep_context=requeueable deps ti=<TaskInstance: stock_raw_aapl.download_and_load_raw manual__2026-02-15T15:15:09.764763+00:00 [queued]>
[2026-02-15T15:15:11.244+0000] {taskinstance.py:2306} INFO - Starting attempt 1 of 1
[2026-02-15T15:15:11.255+0000] {taskinstance.py:2330} INFO - Executing <Task(PythonOperator): download_and_load_raw> on 2026-02-15 15:15:09.764763+00:00
[2026-02-15T15:15:11.266+0000] {logging_mixin.py:188} WARNING - /home/***/.local/lib/python3.12/site-packages/***/task/task_runner/standard_task_runner.py:62 DeprecationWarning: This process (pid=727) is multi-threaded, use of fork() may lead to deadlocks in the child.
[2026-02-15T15:15:11.265+0000] {standard_task_runner.py:90} INFO - Running: ['***', 'tasks', 'run', 'stock_raw_aapl', 'download_and_load_raw', 'manual__2026-02-15T15:15:09.764763+00:00', '--job-id', '8047', '--raw', '--subdir', 'DAGS_FOLDER/stocks/dag.py', '--cfg-path', '/tmp/tmptd4c01qr']
[2026-02-15T15:15:11.268+0000] {standard_task_runner.py:64} INFO - Started process 729 to run task
[2026-02-15T15:15:11.268+0000] {standard_task_runner.py:91} INFO - Job 8047: Subtask download_and_load_raw
[2026-02-15T15:15:11.324+0000] {task_command.py:426} INFO - Running <TaskInstance: stock_raw_aapl.download_and_load_raw manual__2026-02-15T15:15:09.764763+00:00 [running]> on host 4ed270fedb66
[2026-02-15T15:15:11.409+0000] {taskinstance.py:2648} INFO - Exporting env vars: AIRFLOW_CTX_DAG_OWNER='***' AIRFLOW_CTX_DAG_ID='stock_raw_aapl' AIRFLOW_CTX_TASK_ID='download_and_load_raw' AIRFLOW_CTX_EXECUTION_DATE='2026-02-15T15:15:09.764763+00:00' AIRFLOW_CTX_TRY_NUMBER='1' AIRFLOW_CTX_DAG_RUN_ID='manual__2026-02-15T15:15:09.764763+00:00'
[2026-02-15T15:15:11.411+0000] {taskinstance.py:430} INFO - ::endgroup::
[2026-02-15T15:15:11.425+0000] {manager.py:48} INFO - Download AAPL [2026-02-13..2026-02-15]
[2026-02-15T15:15:11.428+0000] {logging_mixin.py:188} WARNING - /opt/***/dags/stocks/scripts/api.py:18 FutureWarning: YF.download() has changed argument auto_adjust default to True
[2026-02-15T15:15:11.436+0000] {logging_mixin.py:188} WARNING - /home/***/.local/lib/python3.12/site-packages/yfinance/scrapers/history.py:204 Pandas4Warning: Timestamp.utcnow is deprecated and will be removed in a future version. Use Timestamp.now('UTC') instead.
[2026-02-15T15:15:11.988+0000] {logging_mixin.py:188} WARNING - [*********************100%***********************]  1 of 1 completed
[2026-02-15T15:15:12.021+0000] {base.py:84} INFO - Using connection ID 'dwh_clickhouse' for task execution.
[2026-02-15T15:15:12.053+0000] {manager.py:67} INFO - Deleted existing rows for AAPL in 2026-02-13..2026-02-15
[2026-02-15T15:15:12.056+0000] {taskinstance.py:441} INFO - ::group::Post task execution logs
[2026-02-15T15:15:12.056+0000] {taskinstance.py:2905} ERROR - Task failed with exception
Traceback (most recent call last):
  File "/home/airflow/.local/lib/python3.12/site-packages/airflow/models/taskinstance.py", line 465, in _execute_task
    result = _execute_callable(context=context, **execute_callable_kwargs)
             ^^^^^^^^^^^^^^^^^^^^^^^^^^^^^^^^^^^^^^^^^^^^^^^^^^^^^^^^^^^^^
  File "/home/airflow/.local/lib/python3.12/site-packages/airflow/models/taskinstance.py", line 432, in _execute_callable
    return execute_callable(context=context, **execute_callable_kwargs)
           ^^^^^^^^^^^^^^^^^^^^^^^^^^^^^^^^^^^^^^^^^^^^^^^^^^^^^^^^^^^^
  File "/home/airflow/.local/lib/python3.12/site-packages/airflow/models/baseoperator.py", line 401, in wrapper
    return func(self, *args, **kwargs)
           ^^^^^^^^^^^^^^^^^^^^^^^^^^^
  File "/home/airflow/.local/lib/python3.12/site-packages/airflow/operators/python.py", line 235, in execute
    return_value = self.execute_callable()
                   ^^^^^^^^^^^^^^^^^^^^^^^
  File "/home/airflow/.local/lib/python3.12/site-packages/airflow/operators/python.py", line 252, in execute_callable
    return self.python_callable(*self.op_args, **self.op_kwargs)
           ^^^^^^^^^^^^^^^^^^^^^^^^^^^^^^^^^^^^^^^^^^^^^^^^^^^^^
  File "/opt/airflow/dags/stocks/scripts/manager.py", line 70, in download_and_load
    client.insert(TABLE_RAW, records, column_names=INSERT_COLS)
                  ^^^^^^^^^
NameError: name 'TABLE_RAW' is not defined
[2026-02-15T15:15:12.070+0000] {taskinstance.py:1206} INFO - Marking task as FAILED. dag_id=stock_raw_aapl, task_id=download_and_load_raw, run_id=manual__2026-02-15T15:15:09.764763+00:00, execution_date=20260215T151509, start_date=20260215T151511, end_date=20260215T151512
[2026-02-15T15:15:12.080+0000] {standard_task_runner.py:110} ERROR - Failed to execute job 8047 for task download_and_load_raw (name 'TABLE_RAW' is not defined; 729)
[2026-02-15T15:15:12.124+0000] {local_task_job_runner.py:243} INFO - Task exited with return code 1
[2026-02-15T15:15:12.144+0000] {taskinstance.py:3503} INFO - 0 downstream tasks scheduled from follow-on schedule check
[2026-02-15T15:15:12.148+0000] {local_task_job_runner.py:222} INFO - ::endgroup::
