[2026-02-07T14:34:20.334+0000] {local_task_job_runner.py:120} INFO - ::group::Pre task execution logs
[2026-02-07T14:34:20.371+0000] {taskinstance.py:2076} INFO - Dependencies all met for dep_context=non-requeueable deps ti=<TaskInstance: stock_nvda.download scheduled__2024-10-21T00:00:00+00:00 [queued]>
[2026-02-07T14:34:20.385+0000] {taskinstance.py:2076} INFO - Dependencies all met for dep_context=requeueable deps ti=<TaskInstance: stock_nvda.download scheduled__2024-10-21T00:00:00+00:00 [queued]>
[2026-02-07T14:34:20.386+0000] {taskinstance.py:2306} INFO - Starting attempt 1 of 1
[2026-02-07T14:34:20.406+0000] {taskinstance.py:2330} INFO - Executing <Task(PythonOperator): download> on 2024-10-21 00:00:00+00:00
[2026-02-07T14:34:20.420+0000] {logging_mixin.py:188} WARNING - /home/***/.local/lib/python3.12/site-packages/***/task/task_runner/standard_task_runner.py:62 DeprecationWarning: This process (pid=5732) is multi-threaded, use of fork() may lead to deadlocks in the child.
[2026-02-07T14:34:20.422+0000] {standard_task_runner.py:64} INFO - Started process 5740 to run task
[2026-02-07T14:34:20.420+0000] {standard_task_runner.py:90} INFO - Running: ['***', 'tasks', 'run', 'stock_nvda', 'download', 'scheduled__2024-10-21T00:00:00+00:00', '--job-id', '1216', '--raw', '--subdir', 'DAGS_FOLDER/stocks_dags.py', '--cfg-path', '/tmp/tmpmf91z9x1']
[2026-02-07T14:34:20.423+0000] {standard_task_runner.py:91} INFO - Job 1216: Subtask download
[2026-02-07T14:34:20.508+0000] {task_command.py:426} INFO - Running <TaskInstance: stock_nvda.download scheduled__2024-10-21T00:00:00+00:00 [running]> on host 5adf8c44a70f
[2026-02-07T14:34:20.640+0000] {taskinstance.py:2648} INFO - Exporting env vars: AIRFLOW_CTX_DAG_OWNER='***' AIRFLOW_CTX_DAG_ID='stock_nvda' AIRFLOW_CTX_TASK_ID='download' AIRFLOW_CTX_EXECUTION_DATE='2024-10-21T00:00:00+00:00' AIRFLOW_CTX_TRY_NUMBER='1' AIRFLOW_CTX_DAG_RUN_ID='scheduled__2024-10-21T00:00:00+00:00'
[2026-02-07T14:34:20.642+0000] {taskinstance.py:430} INFO - ::endgroup::
[2026-02-07T14:34:20.664+0000] {logging_mixin.py:188} INFO - Downloading NVDA from 2024-10-21 to 2024-10-22
[2026-02-07T14:34:20.670+0000] {logging_mixin.py:188} WARNING - /opt/***/dags/stocks_dags.py:22 FutureWarning: YF.download() has changed argument auto_adjust default to True
[2026-02-07T14:34:20.681+0000] {logging_mixin.py:188} WARNING - /home/***/.local/lib/python3.12/site-packages/yfinance/scrapers/history.py:204 Pandas4Warning: Timestamp.utcnow is deprecated and will be removed in a future version. Use Timestamp.now('UTC') instead.
[2026-02-07T14:34:21.216+0000] {taskinstance.py:441} INFO - ::group::Post task execution logs
[2026-02-07T14:34:21.217+0000] {taskinstance.py:2905} ERROR - Task failed with exception
Traceback (most recent call last):
  File "/home/airflow/.local/lib/python3.12/site-packages/airflow/models/taskinstance.py", line 465, in _execute_task
    result = _execute_callable(context=context, **execute_callable_kwargs)
             ^^^^^^^^^^^^^^^^^^^^^^^^^^^^^^^^^^^^^^^^^^^^^^^^^^^^^^^^^^^^^
  File "/home/airflow/.local/lib/python3.12/site-packages/airflow/models/taskinstance.py", line 432, in _execute_callable
    return execute_callable(context=context, **execute_callable_kwargs)
           ^^^^^^^^^^^^^^^^^^^^^^^^^^^^^^^^^^^^^^^^^^^^^^^^^^^^^^^^^^^^
  File "/home/airflow/.local/lib/python3.12/site-packages/airflow/models/baseoperator.py", line 401, in wrapper
    return func(self, *args, **kwargs)
           ^^^^^^^^^^^^^^^^^^^^^^^^^^^
  File "/home/airflow/.local/lib/python3.12/site-packages/airflow/operators/python.py", line 235, in execute
    return_value = self.execute_callable()
                   ^^^^^^^^^^^^^^^^^^^^^^^
  File "/home/airflow/.local/lib/python3.12/site-packages/airflow/operators/python.py", line 252, in execute_callable
    return self.python_callable(*self.op_args, **self.op_kwargs)
           ^^^^^^^^^^^^^^^^^^^^^^^^^^^^^^^^^^^^^^^^^^^^^^^^^^^^^
  File "/opt/airflow/dags/stocks_dags.py", line 35, in download_stock
    df.to_parquet(output_path)
  File "/home/airflow/.local/lib/python3.12/site-packages/pandas/core/frame.py", line 3135, in to_parquet
    return to_parquet(
           ^^^^^^^^^^^
  File "/home/airflow/.local/lib/python3.12/site-packages/pandas/io/parquet.py", line 490, in to_parquet
    impl.write(
  File "/home/airflow/.local/lib/python3.12/site-packages/pandas/io/parquet.py", line 199, in write
    path_or_handle, handles, filesystem = _get_path_or_handle(
                                          ^^^^^^^^^^^^^^^^^^^^
  File "/home/airflow/.local/lib/python3.12/site-packages/pandas/io/parquet.py", line 141, in _get_path_or_handle
    handles = get_handle(
              ^^^^^^^^^^^
  File "/home/airflow/.local/lib/python3.12/site-packages/pandas/io/common.py", line 793, in get_handle
    check_parent_directory(str(handle))
  File "/home/airflow/.local/lib/python3.12/site-packages/pandas/io/common.py", line 652, in check_parent_directory
    raise OSError(rf"Cannot save file into a non-existent directory: '{parent}'")
OSError: Cannot save file into a non-existent directory: '/opt/***/data'
[2026-02-07T14:34:21.239+0000] {taskinstance.py:1206} INFO - Marking task as FAILED. dag_id=stock_nvda, task_id=download, run_id=scheduled__2024-10-21T00:00:00+00:00, execution_date=20241021T000000, start_date=20260207T143420, end_date=20260207T143421
[2026-02-07T14:34:21.255+0000] {standard_task_runner.py:110} ERROR - Failed to execute job 1216 for task download (Cannot save file into a non-existent directory: '/opt/***/data'; 5740)
[2026-02-07T14:34:21.320+0000] {local_task_job_runner.py:243} INFO - Task exited with return code 1
[2026-02-07T14:34:21.342+0000] {taskinstance.py:3503} INFO - 0 downstream tasks scheduled from follow-on schedule check
[2026-02-07T14:34:21.346+0000] {local_task_job_runner.py:222} INFO - ::endgroup::
