[2026-02-15T15:40:11.796+0000] {local_task_job_runner.py:120} INFO - ::group::Pre task execution logs
[2026-02-15T15:40:11.823+0000] {taskinstance.py:2076} INFO - Dependencies all met for dep_context=non-requeueable deps ti=<TaskInstance: stock_raw_aapl.load_to_ods manual__2026-02-15T15:40:08.135349+00:00 [queued]>
[2026-02-15T15:40:11.829+0000] {taskinstance.py:2076} INFO - Dependencies all met for dep_context=requeueable deps ti=<TaskInstance: stock_raw_aapl.load_to_ods manual__2026-02-15T15:40:08.135349+00:00 [queued]>
[2026-02-15T15:40:11.830+0000] {taskinstance.py:2306} INFO - Starting attempt 1 of 1
[2026-02-15T15:40:11.844+0000] {taskinstance.py:2330} INFO - Executing <Task(PythonOperator): load_to_ods> on 2026-02-15 15:40:08.135349+00:00
[2026-02-15T15:40:11.855+0000] {logging_mixin.py:188} WARNING - /home/***/.local/lib/python3.12/site-packages/***/task/task_runner/standard_task_runner.py:62 DeprecationWarning: This process (pid=747) is multi-threaded, use of fork() may lead to deadlocks in the child.
[2026-02-15T15:40:11.857+0000] {standard_task_runner.py:64} INFO - Started process 749 to run task
[2026-02-15T15:40:11.855+0000] {standard_task_runner.py:90} INFO - Running: ['***', 'tasks', 'run', 'stock_raw_aapl', 'load_to_ods', 'manual__2026-02-15T15:40:08.135349+00:00', '--job-id', '8052', '--raw', '--subdir', 'DAGS_FOLDER/stocks/dag.py', '--cfg-path', '/tmp/tmp3wkwkero']
[2026-02-15T15:40:11.857+0000] {standard_task_runner.py:91} INFO - Job 8052: Subtask load_to_ods
[2026-02-15T15:40:11.911+0000] {task_command.py:426} INFO - Running <TaskInstance: stock_raw_aapl.load_to_ods manual__2026-02-15T15:40:08.135349+00:00 [running]> on host 45ef9e308ede
[2026-02-15T15:40:11.991+0000] {taskinstance.py:2648} INFO - Exporting env vars: AIRFLOW_CTX_DAG_OWNER='***' AIRFLOW_CTX_DAG_ID='stock_raw_aapl' AIRFLOW_CTX_TASK_ID='load_to_ods' AIRFLOW_CTX_EXECUTION_DATE='2026-02-15T15:40:08.135349+00:00' AIRFLOW_CTX_TRY_NUMBER='1' AIRFLOW_CTX_DAG_RUN_ID='manual__2026-02-15T15:40:08.135349+00:00'
[2026-02-15T15:40:11.992+0000] {taskinstance.py:430} INFO - ::endgroup::
[2026-02-15T15:40:12.003+0000] {taskinstance.py:441} INFO - ::group::Post task execution logs
[2026-02-15T15:40:12.004+0000] {taskinstance.py:2905} ERROR - Task failed with exception
Traceback (most recent call last):
  File "/home/airflow/.local/lib/python3.12/site-packages/airflow/models/taskinstance.py", line 465, in _execute_task
    result = _execute_callable(context=context, **execute_callable_kwargs)
             ^^^^^^^^^^^^^^^^^^^^^^^^^^^^^^^^^^^^^^^^^^^^^^^^^^^^^^^^^^^^^
  File "/home/airflow/.local/lib/python3.12/site-packages/airflow/models/taskinstance.py", line 432, in _execute_callable
    return execute_callable(context=context, **execute_callable_kwargs)
           ^^^^^^^^^^^^^^^^^^^^^^^^^^^^^^^^^^^^^^^^^^^^^^^^^^^^^^^^^^^^
  File "/home/airflow/.local/lib/python3.12/site-packages/airflow/models/baseoperator.py", line 401, in wrapper
    return func(self, *args, **kwargs)
           ^^^^^^^^^^^^^^^^^^^^^^^^^^^
  File "/home/airflow/.local/lib/python3.12/site-packages/airflow/operators/python.py", line 235, in execute
    return_value = self.execute_callable()
                   ^^^^^^^^^^^^^^^^^^^^^^^
  File "/home/airflow/.local/lib/python3.12/site-packages/airflow/operators/python.py", line 252, in execute_callable
    return self.python_callable(*self.op_args, **self.op_kwargs)
           ^^^^^^^^^^^^^^^^^^^^^^^^^^^^^^^^^^^^^^^^^^^^^^^^^^^^^
TypeError: load_raw_to_ods() missing 2 required positional arguments: 'start' and 'end'
[2026-02-15T15:40:12.013+0000] {taskinstance.py:1206} INFO - Marking task as FAILED. dag_id=stock_raw_aapl, task_id=load_to_ods, run_id=manual__2026-02-15T15:40:08.135349+00:00, execution_date=20260215T154008, start_date=20260215T154011, end_date=20260215T154012
[2026-02-15T15:40:12.022+0000] {standard_task_runner.py:110} ERROR - Failed to execute job 8052 for task load_to_ods (load_raw_to_ods() missing 2 required positional arguments: 'start' and 'end'; 749)
[2026-02-15T15:40:12.070+0000] {local_task_job_runner.py:243} INFO - Task exited with return code 1
[2026-02-15T15:40:12.091+0000] {taskinstance.py:3503} INFO - 0 downstream tasks scheduled from follow-on schedule check
[2026-02-15T15:40:12.094+0000] {local_task_job_runner.py:222} INFO - ::endgroup::
